<?xml version="1.0" encoding="UTF-8"?>
<!-- Generated by org.testng.reporters.JUnitReportReporter -->
<testsuite hostname="Sushmitha_Shety" failures="0" tests="1" name="CucumberOptions.TestNGRunner" time="9.435" errors="0" timestamp="2025-04-25T12:56:13 IST" skipped="0">
  <testcase classname="CucumberOptions.TestNGRunner" name="runScenario" time="9.435"/>
</testsuite> <!-- CucumberOptions.TestNGRunner -->
